<?xml version="1.0" encoding="UTF-8"?>
<!-- Generated by org.testng.reporters.JUnitXMLReporter -->
<testsuite hostname="LP-5CD84313R7" ignored="0" name="Surefire test" tests="6" failures="1" timestamp="2020-02-15T21:11:55 IST" time="0.528" errors="0">
  <testcase name="AndroidAutomation" time="0.006" classname="SampleMaven.AppiumTest"/>
  <testcase name="IOSAutomation" time="0.001" classname="SampleMaven.AppiumTest"/>
  <testcase name="AddJira" time="0.0" classname="SampleMaven.RestAssuredTest"/>
  <testcase name="DeleteTwitter" time="0.0" classname="SampleMaven.RestAssuredTest"/>
  <testcase name="BrowserAutomation" time="0.425" classname="SampleMaven.SeleniumTest">
    <failure type="java.lang.IllegalStateException" message="The path to the driver executable must be set by the webdriver.gecko.driver system property; for more information, see https://github.com/mozilla/geckodriver. The latest version can be downloaded from https://github.com/mozilla/geckodriver/releases">
      <![CDATA[java.lang.IllegalStateException: The path to the driver executable must be set by the webdriver.gecko.driver system property; for more information, see https://github.com/mozilla/geckodriver. The latest version can be downloaded from https://github.com/mozilla/geckodriver/releases
at com.google.common.base.Preconditions.checkState(Preconditions.java:847)
at org.openqa.selenium.remote.service.DriverService.findExecutable(DriverService.java:134)
at org.openqa.selenium.firefox.GeckoDriverService.access$100(GeckoDriverService.java:44)
at org.openqa.selenium.firefox.GeckoDriverService$Builder.findDefaultExecutable(GeckoDriverService.java:167)
at org.openqa.selenium.remote.service.DriverService$Builder.build(DriverService.java:355)
at org.openqa.selenium.firefox.FirefoxDriver.toExecutor(FirefoxDriver.java:190)
at org.openqa.selenium.firefox.FirefoxDriver.<init>(FirefoxDriver.java:147)
at org.openqa.selenium.firefox.FirefoxDriver.<init>(FirefoxDriver.java:125)
at SampleMaven.SeleniumTest.BrowserAutomation(SeleniumTest.java:14)
at java.util.ArrayList.forEach(ArrayList.java:1234)
... Removed 33 stack frames]]>
    </failure>
  </testcase> <!-- BrowserAutomation -->
  <testcase name="elementsUI" time="0.0" classname="SampleMaven.SeleniumTest"/>
</testsuite> <!-- Surefire test -->
