-------------------------------------------------------------------------------
Test set: TestSuite
-------------------------------------------------------------------------------
Tests run: 6, Failures: 1, Errors: 0, Skipped: 0, Time elapsed: 1.432 s <<< FAILURE! - in TestSuite
SampleMaven.SeleniumTest.BrowserAutomation  Time elapsed: 0.462 s  <<< FAILURE!
java.lang.IllegalStateException: The path to the driver executable must be set by the webdriver.gecko.driver system property; for more information, see https://github.com/mozilla/geckodriver. The latest version can be downloaded from https://github.com/mozilla/geckodriver/releases
	at SampleMaven.SeleniumTest.BrowserAutomation(SeleniumTest.java:14)

